Build started 29.11.2011 11:21:36.
     1>Project "D:\SOURCES\COURSES\LOW POWER SYS DESIGN\PROJECT\CODE\LEVINSON\Levinson\Levinson\Levinson.vcxproj" on node 2 (build target(s)).
     1>InitializeBuildStatus:
         Creating "Debug\Levinson.unsuccessfulbuild" because "AlwaysCreate" was specified.
       ClCompile:
         c:\Program Files\Microsoft Visual Studio 10.0\VC\bin\CL.exe /c /ZI /nologo /W3 /WX- /Od /Oy- /D "WIN32" /D _DEBUG /D _CONSOLE /D "_UNICODE" /D "UNICODE" /Gm /EHsc /RTC1 /MDd /GS /fp:precise /Zc:wchar_t /Zc:forScope /Fo"Debug\\" /Fd"Debug\vc100.pdb" /Gd /TP /analyze- /errorReport:prompt Levinson.cpp
         Levinson.cpp
       ManifestResourceCompile:
         All outputs are up-to-date.
       Link:
         c:\Program Files\Microsoft Visual Studio 10.0\VC\bin\link.exe /ERRORREPORT:PROMPT /OUT:"D:\SOURCES\COURSES\LOW POWER SYS DESIGN\PROJECT\CODE\LEVINSON\Levinson\Debug\Levinson.exe" /INCREMENTAL /NOLOGO kernel32.lib user32.lib gdi32.lib winspool.lib comdlg32.lib advapi32.lib shell32.lib ole32.lib oleaut32.lib uuid.lib odbc32.lib odbccp32.lib /MANIFEST /ManifestFile:"Debug\Levinson.exe.intermediate.manifest" /MANIFESTUAC:"level='asInvoker' uiAccess='false'" /DEBUG /PDB:"D:\SOURCES\COURSES\LOW POWER SYS DESIGN\PROJECT\CODE\LEVINSON\Levinson\Debug\Levinson.pdb" /SUBSYSTEM:CONSOLE /TLBID:1 /DYNAMICBASE /NXCOMPAT /IMPLIB:"D:\SOURCES\COURSES\LOW POWER SYS DESIGN\PROJECT\CODE\LEVINSON\Levinson\Debug\Levinson.lib" /MACHINE:X86 Debug\Levinson.exe.embed.manifest.res
         Debug\Levinson.obj
       Manifest:
         C:\Program Files\Microsoft SDKs\Windows\v7.0A\bin\mt.exe /nologo /verbose /out:"Debug\Levinson.exe.embed.manifest" /manifest Debug\Levinson.exe.intermediate.manifest
         All outputs are up-to-date.
       LinkEmbedManifest:
         All outputs are up-to-date.
         Levinson.vcxproj -> D:\SOURCES\COURSES\LOW POWER SYS DESIGN\PROJECT\CODE\LEVINSON\Levinson\Debug\Levinson.exe
       FinalizeBuildStatus:
         Deleting file "Debug\Levinson.unsuccessfulbuild".
         Touching "Debug\Levinson.lastbuildstate".
     1>Done Building Project "D:\SOURCES\COURSES\LOW POWER SYS DESIGN\PROJECT\CODE\LEVINSON\Levinson\Levinson\Levinson.vcxproj" (build target(s)).

Build succeeded.

Time Elapsed 00:00:01.72
